2014/08/25 07:26:36 [error] [exception.CDbException] exception 'CDbException' with message 'CDbConnection failed to open the DB connection: SQLSTATE[HY000] [1045] Access denied for user 'oiecapp'@'10.111.88.223' (using password: YES)' in C:\Users\Inuya777\Documents\GitHub\yii\framework\db\CDbConnection.php:382
Stack trace:
#0 C:\Users\Inuya777\Documents\GitHub\yii\framework\db\CDbConnection.php(330): CDbConnection->open()
#1 C:\Users\Inuya777\Documents\GitHub\yii\framework\db\CDbConnection.php(308): CDbConnection->setActive(true)
#2 C:\Users\Inuya777\Documents\GitHub\yii\framework\base\CModule.php(387): CDbConnection->init()
#3 C:\Users\Inuya777\Documents\GitHub\yii\framework\base\CApplication.php(450): CModule->getComponent('db')
#4 C:\Users\Inuya777\Documents\GitHub\yii\framework\db\ar\CActiveRecord.php(634): CApplication->getDb()
#5 C:\Users\Inuya777\Documents\GitHub\yii\framework\db\ar\CActiveRecord.php(1428): CActiveRecord->getDbConnection()
#6 C:\Users\Inuya777\Documents\GitHub\yii\framework\db\ar\CActiveRecord.php(1517): CActiveRecord->getTableAlias(true)
#7 C:\Users\Inuya777\Documents\GitHub\ForeignAffairSys\protected\views\site\index.php(10): CActiveRecord->findByAttributes(Array)
#8 C:\Users\Inuya777\Documents\GitHub\yii\framework\web\CBaseController.php(126): require('C:\\Users\\Inuya7...')
#9 C:\Users\Inuya777\Documents\GitHub\yii\framework\web\CBaseController.php(95): CBaseController->renderInternal('C:\\Users\\Inuya7...', NULL, true)
#10 C:\Users\Inuya777\Documents\GitHub\yii\framework\web\CController.php(869): CBaseController->renderFile('C:\\Users\\Inuya7...', NULL, true)
#11 C:\Users\Inuya777\Documents\GitHub\yii\framework\web\CController.php(782): CController->renderPartial('index', NULL, true)
#12 C:\Users\Inuya777\Documents\GitHub\ForeignAffairSys\protected\controllers\SiteController.php(144): CController->render('index')
#13 C:\Users\Inuya777\Documents\GitHub\yii\framework\web\actions\CInlineAction.php(49): SiteController->actionIndex()
#14 C:\Users\Inuya777\Documents\GitHub\yii\framework\web\CController.php(308): CInlineAction->runWithParams(Array)
#15 C:\Users\Inuya777\Documents\GitHub\yii\framework\web\CController.php(286): CController->runAction(Object(CInlineAction))
#16 C:\Users\Inuya777\Documents\GitHub\yii\framework\web\CController.php(265): CController->runActionWithFilters(Object(CInlineAction), Array)
#17 C:\Users\Inuya777\Documents\GitHub\yii\framework\web\CWebApplication.php(282): CController->run('')
#18 C:\Users\Inuya777\Documents\GitHub\yii\framework\web\CWebApplication.php(141): CWebApplication->runController('')
#19 C:\Users\Inuya777\Documents\GitHub\yii\framework\base\CApplication.php(180): CWebApplication->processRequest()
#20 C:\Users\Inuya777\Documents\GitHub\ForeignAffairSys\index.php(13): CApplication->run()
#21 {main}
REQUEST_URI=/ForeignAffairSys/
---
2014/08/25 07:28:49 [error] [exception.CDbException] exception 'CDbException' with message 'CDbConnection failed to open the DB connection: SQLSTATE[HY000] [1045] Access denied for user 'oiecapp'@'10.111.88.223' (using password: YES)' in C:\Users\Inuya777\Documents\GitHub\yii\framework\db\CDbConnection.php:382
Stack trace:
#0 C:\Users\Inuya777\Documents\GitHub\yii\framework\db\CDbConnection.php(330): CDbConnection->open()
#1 C:\Users\Inuya777\Documents\GitHub\yii\framework\db\CDbConnection.php(308): CDbConnection->setActive(true)
#2 C:\Users\Inuya777\Documents\GitHub\yii\framework\base\CModule.php(387): CDbConnection->init()
#3 C:\Users\Inuya777\Documents\GitHub\yii\framework\base\CApplication.php(450): CModule->getComponent('db')
#4 C:\Users\Inuya777\Documents\GitHub\yii\framework\db\ar\CActiveRecord.php(634): CApplication->getDb()
#5 C:\Users\Inuya777\Documents\GitHub\yii\framework\db\ar\CActiveRecord.php(1428): CActiveRecord->getDbConnection()
#6 C:\Users\Inuya777\Documents\GitHub\yii\framework\db\ar\CActiveRecord.php(1517): CActiveRecord->getTableAlias(true)
#7 C:\Users\Inuya777\Documents\GitHub\ForeignAffairSys\protected\views\site\index.php(10): CActiveRecord->findByAttributes(Array)
#8 C:\Users\Inuya777\Documents\GitHub\yii\framework\web\CBaseController.php(126): require('C:\\Users\\Inuya7...')
#9 C:\Users\Inuya777\Documents\GitHub\yii\framework\web\CBaseController.php(95): CBaseController->renderInternal('C:\\Users\\Inuya7...', NULL, true)
#10 C:\Users\Inuya777\Documents\GitHub\yii\framework\web\CController.php(869): CBaseController->renderFile('C:\\Users\\Inuya7...', NULL, true)
#11 C:\Users\Inuya777\Documents\GitHub\yii\framework\web\CController.php(782): CController->renderPartial('index', NULL, true)
#12 C:\Users\Inuya777\Documents\GitHub\ForeignAffairSys\protected\controllers\SiteController.php(144): CController->render('index')
#13 C:\Users\Inuya777\Documents\GitHub\yii\framework\web\actions\CInlineAction.php(49): SiteController->actionIndex()
#14 C:\Users\Inuya777\Documents\GitHub\yii\framework\web\CController.php(308): CInlineAction->runWithParams(Array)
#15 C:\Users\Inuya777\Documents\GitHub\yii\framework\web\CController.php(286): CController->runAction(Object(CInlineAction))
#16 C:\Users\Inuya777\Documents\GitHub\yii\framework\web\CController.php(265): CController->runActionWithFilters(Object(CInlineAction), Array)
#17 C:\Users\Inuya777\Documents\GitHub\yii\framework\web\CWebApplication.php(282): CController->run('')
#18 C:\Users\Inuya777\Documents\GitHub\yii\framework\web\CWebApplication.php(141): CWebApplication->runController('')
#19 C:\Users\Inuya777\Documents\GitHub\yii\framework\base\CApplication.php(180): CWebApplication->processRequest()
#20 C:\Users\Inuya777\Documents\GitHub\ForeignAffairSys\index.php(13): CApplication->run()
#21 {main}
REQUEST_URI=/ForeignAffairSys/
---
2014/08/25 07:28:52 [error] [exception.CDbException] exception 'CDbException' with message 'CDbConnection failed to open the DB connection: SQLSTATE[HY000] [1045] Access denied for user 'oiecapp'@'10.111.88.223' (using password: YES)' in C:\Users\Inuya777\Documents\GitHub\yii\framework\db\CDbConnection.php:382
Stack trace:
#0 C:\Users\Inuya777\Documents\GitHub\yii\framework\db\CDbConnection.php(330): CDbConnection->open()
#1 C:\Users\Inuya777\Documents\GitHub\yii\framework\db\CDbConnection.php(308): CDbConnection->setActive(true)
#2 C:\Users\Inuya777\Documents\GitHub\yii\framework\base\CModule.php(387): CDbConnection->init()
#3 C:\Users\Inuya777\Documents\GitHub\yii\framework\base\CApplication.php(450): CModule->getComponent('db')
#4 C:\Users\Inuya777\Documents\GitHub\yii\framework\db\ar\CActiveRecord.php(634): CApplication->getDb()
#5 C:\Users\Inuya777\Documents\GitHub\yii\framework\db\ar\CActiveRecord.php(1428): CActiveRecord->getDbConnection()
#6 C:\Users\Inuya777\Documents\GitHub\yii\framework\db\ar\CActiveRecord.php(1517): CActiveRecord->getTableAlias(true)
#7 C:\Users\Inuya777\Documents\GitHub\ForeignAffairSys\protected\views\site\index.php(10): CActiveRecord->findByAttributes(Array)
#8 C:\Users\Inuya777\Documents\GitHub\yii\framework\web\CBaseController.php(126): require('C:\\Users\\Inuya7...')
#9 C:\Users\Inuya777\Documents\GitHub\yii\framework\web\CBaseController.php(95): CBaseController->renderInternal('C:\\Users\\Inuya7...', NULL, true)
#10 C:\Users\Inuya777\Documents\GitHub\yii\framework\web\CController.php(869): CBaseController->renderFile('C:\\Users\\Inuya7...', NULL, true)
#11 C:\Users\Inuya777\Documents\GitHub\yii\framework\web\CController.php(782): CController->renderPartial('index', NULL, true)
#12 C:\Users\Inuya777\Documents\GitHub\ForeignAffairSys\protected\controllers\SiteController.php(144): CController->render('index')
#13 C:\Users\Inuya777\Documents\GitHub\yii\framework\web\actions\CInlineAction.php(49): SiteController->actionIndex()
#14 C:\Users\Inuya777\Documents\GitHub\yii\framework\web\CController.php(308): CInlineAction->runWithParams(Array)
#15 C:\Users\Inuya777\Documents\GitHub\yii\framework\web\CController.php(286): CController->runAction(Object(CInlineAction))
#16 C:\Users\Inuya777\Documents\GitHub\yii\framework\web\CController.php(265): CController->runActionWithFilters(Object(CInlineAction), Array)
#17 C:\Users\Inuya777\Documents\GitHub\yii\framework\web\CWebApplication.php(282): CController->run('')
#18 C:\Users\Inuya777\Documents\GitHub\yii\framework\web\CWebApplication.php(141): CWebApplication->runController('')
#19 C:\Users\Inuya777\Documents\GitHub\yii\framework\base\CApplication.php(180): CWebApplication->processRequest()
#20 C:\Users\Inuya777\Documents\GitHub\ForeignAffairSys\index.php(13): CApplication->run()
#21 {main}
REQUEST_URI=/ForeignAffairSys/
---
2014/08/25 07:51:49 [error] [php] Object of class CJuiDatePicker could not be converted to string (C:\Users\Inuya777\Documents\GitHub\ForeignAffairSys\protected\views\person\_form.php:107)
Stack trace:
#0 C:\Users\Inuya777\Documents\GitHub\yii\framework\web\CController.php(869): PersonController->renderFile()
#1 C:\Users\Inuya777\Documents\GitHub\ForeignAffairSys\protected\views\person\create.php(18): PersonController->renderPartial()
#2 C:\Users\Inuya777\Documents\GitHub\yii\framework\web\CBaseController.php(126): require()
#3 C:\Users\Inuya777\Documents\GitHub\yii\framework\web\CBaseController.php(95): PersonController->renderInternal()
#4 C:\Users\Inuya777\Documents\GitHub\yii\framework\web\CController.php(869): PersonController->renderFile()
#5 C:\Users\Inuya777\Documents\GitHub\yii\framework\web\CController.php(782): PersonController->renderPartial()
#6 C:\Users\Inuya777\Documents\GitHub\ForeignAffairSys\protected\controllers\PersonController.php(144): PersonController->render()
#7 C:\Users\Inuya777\Documents\GitHub\yii\framework\web\actions\CInlineAction.php(49): PersonController->actionCreate()
#8 C:\Users\Inuya777\Documents\GitHub\yii\framework\web\CController.php(308): CInlineAction->runWithParams()
#9 C:\Users\Inuya777\Documents\GitHub\yii\framework\web\filters\CFilterChain.php(133): PersonController->runAction()
#10 C:\Users\Inuya777\Documents\GitHub\yii\framework\web\filters\CFilter.php(40): CFilterChain->run()
#11 C:\Users\Inuya777\Documents\GitHub\yii\framework\web\CController.php(1145): CAccessControlFilter->filter()
#12 C:\Users\Inuya777\Documents\GitHub\yii\framework\web\filters\CInlineFilter.php(58): PersonController->filterAccessControl()
#13 C:\Users\Inuya777\Documents\GitHub\yii\framework\web\filters\CFilterChain.php(130): CInlineFilter->filter()
#14 C:\Users\Inuya777\Documents\GitHub\yii\framework\web\CController.php(291): CFilterChain->run()
#15 C:\Users\Inuya777\Documents\GitHub\yii\framework\web\CController.php(265): PersonController->runActionWithFilters()
#16 C:\Users\Inuya777\Documents\GitHub\yii\framework\web\CWebApplication.php(282): PersonController->run()
#17 C:\Users\Inuya777\Documents\GitHub\yii\framework\web\CWebApplication.php(141): CWebApplication->runController()
#18 C:\Users\Inuya777\Documents\GitHub\yii\framework\base\CApplication.php(180): CWebApplication->processRequest()
#19 C:\Users\Inuya777\Documents\GitHub\ForeignAffairSys\index.php(13): CWebApplication->run()
REQUEST_URI=/ForeignAffairSys/index.php/person/create
in C:\Users\Inuya777\Documents\GitHub\ForeignAffairSys\protected\views\person\_form.php (107)
in C:\Users\Inuya777\Documents\GitHub\ForeignAffairSys\protected\views\person\create.php (18)
in C:\Users\Inuya777\Documents\GitHub\ForeignAffairSys\protected\controllers\PersonController.php (144)
